<?xml version="1.0" encoding="UTF-8"?>
<!-- Generated by org.testng.reporters.JUnitXMLReporter -->
<testsuite ignored="0" hostname="DESKTOP-D6DO249" failures="0" tests="4" name="Default test" time="8.046" errors="0" timestamp="2022-06-27T14:25:43 EDT">
  <testcase classname="dataDrivenTesting.DataDrivenTestHFromExcel" name="loginTest" time="2.977"/>
  <testcase classname="dataDrivenTesting.DataDrivenTestHFromExcel" name="loginTest" time="1.037"/>
  <testcase classname="dataDrivenTesting.DataDrivenTestHFromExcel" name="loginTest" time="0.987"/>
  <testcase classname="dataDrivenTesting.DataDrivenTestHFromExcel" name="loginTest" time="1.052"/>
</testsuite> <!-- Default test -->
