<?xml version="1.0" encoding="UTF-8"?>
<testng-results ignored="0" total="4" passed="4" failed="0" skipped="0">
  <reporter-output>
  </reporter-output>
  <suite started-at="2022-06-27T14:25:35 EDT" name="Default suite" finished-at="2022-06-27T14:25:43 EDT" duration-ms="8046">
    <groups>
    </groups>
    <test started-at="2022-06-27T14:25:35 EDT" name="Default test" finished-at="2022-06-27T14:25:43 EDT" duration-ms="8046">
      <class name="dataDrivenTesting.DataDrivenTestHFromExcel">
        <test-method is-config="true" signature="setUp()[pri:0, instance:dataDrivenTesting.DataDrivenTestHFromExcel@71809907]" started-at="2022-06-27T14:25:35 EDT" name="setUp" finished-at="2022-06-27T14:25:36 EDT" duration-ms="1407" status="PASS">
          <reporter-output>
          </reporter-output>
        </test-method> <!-- setUp -->
        <test-method signature="loginTest(java.lang.String,java.lang.String,java.lang.String)[pri:0, instance:dataDrivenTesting.DataDrivenTestHFromExcel@71809907]" started-at="2022-06-27T14:25:37 EDT" name="loginTest" data-provider="LoginData" finished-at="2022-06-27T14:25:40 EDT" duration-ms="2977" status="PASS">
          <params>
            <param index="0">
              <value>
                <![CDATA[Admin]]>
              </value>
            </param>
            <param index="1">
              <value>
                <![CDATA[admin123]]>
              </value>
            </param>
            <param index="2">
              <value>
                <![CDATA[valid]]>
              </value>
            </param>
          </params>
          <reporter-output>
          </reporter-output>
        </test-method> <!-- loginTest -->
        <test-method signature="loginTest(java.lang.String,java.lang.String,java.lang.String)[pri:0, instance:dataDrivenTesting.DataDrivenTestHFromExcel@71809907]" started-at="2022-06-27T14:25:40 EDT" name="loginTest" data-provider="LoginData" finished-at="2022-06-27T14:25:41 EDT" duration-ms="1037" status="PASS">
          <params>
            <param index="0">
              <value>
                <![CDATA[Admi]]>
              </value>
            </param>
            <param index="1">
              <value>
                <![CDATA[admn]]>
              </value>
            </param>
            <param index="2">
              <value>
                <![CDATA[invalid]]>
              </value>
            </param>
          </params>
          <reporter-output>
          </reporter-output>
        </test-method> <!-- loginTest -->
        <test-method signature="loginTest(java.lang.String,java.lang.String,java.lang.String)[pri:0, instance:dataDrivenTesting.DataDrivenTestHFromExcel@71809907]" started-at="2022-06-27T14:25:41 EDT" name="loginTest" data-provider="LoginData" finished-at="2022-06-27T14:25:42 EDT" duration-ms="987" status="PASS">
          <params>
            <param index="0">
              <value>
                <![CDATA[admn]]>
              </value>
            </param>
            <param index="1">
              <value>
                <![CDATA[admin123]]>
              </value>
            </param>
            <param index="2">
              <value>
                <![CDATA[invalid]]>
              </value>
            </param>
          </params>
          <reporter-output>
          </reporter-output>
        </test-method> <!-- loginTest -->
        <test-method signature="loginTest(java.lang.String,java.lang.String,java.lang.String)[pri:0, instance:dataDrivenTesting.DataDrivenTestHFromExcel@71809907]" started-at="2022-06-27T14:25:42 EDT" name="loginTest" data-provider="LoginData" finished-at="2022-06-27T14:25:43 EDT" duration-ms="1052" status="PASS">
          <params>
            <param index="0">
              <value>
                <![CDATA[addm]]>
              </value>
            </param>
            <param index="1">
              <value>
                <![CDATA[adm]]>
              </value>
            </param>
            <param index="2">
              <value>
                <![CDATA[invalid]]>
              </value>
            </param>
          </params>
          <reporter-output>
          </reporter-output>
        </test-method> <!-- loginTest -->
        <test-method is-config="true" signature="tearDown()[pri:0, instance:dataDrivenTesting.DataDrivenTestHFromExcel@71809907]" started-at="2022-06-27T14:25:43 EDT" name="tearDown" finished-at="2022-06-27T14:25:43 EDT" duration-ms="127" status="PASS">
          <reporter-output>
          </reporter-output>
        </test-method> <!-- tearDown -->
      </class> <!-- dataDrivenTesting.DataDrivenTestHFromExcel -->
    </test> <!-- Default test -->
  </suite> <!-- Default suite -->
</testng-results>
